2024-10-02 14:47:36,717 [INFO] Activator:176 - 


2024-10-02 14:47:36,722 [INFO] Activator:177 - !SESSION log4j initialized
2024-10-02 14:47:41,702 [INFO] LogOutputStream:77 - [STDOUT_REDIRECT] 
2024-10-02 14:47:48,235 [INFO] ApplicationProperties:184 - Using Application install path: F:\Nejc\Programi\STM32CubeIDE_1.10.1\STM32CubeIDE\plugins\com.st.stm32cube.common.mx_6.11.1.202404110753
2024-10-02 14:47:48,250 [INFO] DbMcusXml:78 - Set database path to: F:\Nejc\Programi\STM32CubeIDE_1.10.1\STM32CubeIDE\plugins\com.st.stm32cube.common.mx_6.11.1.202404110753\\db\/mcu/
2024-10-02 14:47:48,250 [INFO] ApiDb:274 - Set plugin database path to: F:\Nejc\Programi\STM32CubeIDE_1.10.1\STM32CubeIDE\plugins\com.st.stm32cube.common.mx_6.11.1.202404110753\\db\/plugins/boardmanager/
2024-10-02 14:47:48,251 [WARN] ApiDb:259 - Overriding images path with different value:  => F:\Nejc\Programi\STM32CubeIDE_1.10.1\STM32CubeIDE\plugins\com.st.stm32cube.common.mx_6.11.1.202404110753\\db\/plugins/mcufinder/images/
2024-10-02 14:47:48,259 [INFO] ApiDb:250 - Set database path to: C:\Users\Nejc\.stmcufinder\plugins\mcufinder//mcu/
2024-10-02 14:47:48,260 [INFO] DbMcusAds:125 - Set database path to: C:\Users\Nejc\.stmcufinder\plugins\mcufinder//mcu/
2024-10-02 14:47:48,262 [INFO] CrossReferenceDbSqlite:203 - Set database path to: C:\Users\Nejc\.stmcufinder\plugins\mcufinder//mcu/cs/
2024-10-02 14:47:48,358 [INFO] RulesReader:64 - Compatibility file has been processed (297 Rules)
2024-10-02 14:47:48,425 [INFO] DbMcusXml:78 - Set database path to: F:\Nejc\Programi\STM32CubeIDE_1.10.1\STM32CubeIDE\plugins\com.st.stm32cube.common.mx_6.11.1.202404110753\\db\/mcu/
2024-10-02 14:47:48,425 [INFO] ApiDb:274 - Set plugin database path to: F:\Nejc\Programi\STM32CubeIDE_1.10.1\STM32CubeIDE\plugins\com.st.stm32cube.common.mx_6.11.1.202404110753\\db\/plugins/boardmanager/
2024-10-02 14:47:48,425 [INFO] ApiDb:261 - Set plugin images path to: F:\Nejc\Programi\STM32CubeIDE_1.10.1\STM32CubeIDE\plugins\com.st.stm32cube.common.mx_6.11.1.202404110753\\db\/plugins/mcufinder/images/
2024-10-02 14:47:48,425 [WARN] DbFile:41 - Overriding database path with different value: C:\Users\Nejc\.stmcufinder\plugins\mcufinder/ => C:\Users\Nejc\.stmcufinder\plugins\mcufinder
2024-10-02 14:47:48,425 [INFO] ApiDb:250 - Set database path to: C:\Users\Nejc\.stmcufinder\plugins\mcufinder//mcu/
2024-10-02 14:47:48,425 [WARN] DbFile:41 - Overriding database path with different value: C:\Users\Nejc\.stmcufinder\plugins\mcufinder/ => C:\Users\Nejc\.stmcufinder\plugins\mcufinder
2024-10-02 14:47:48,425 [INFO] DbMcusAds:125 - Set database path to: C:\Users\Nejc\.stmcufinder\plugins\mcufinder//mcu/
2024-10-02 14:47:48,425 [WARN] DbFile:41 - Overriding database path with different value: C:\Users\Nejc\.stmcufinder\plugins\mcufinder/ => C:\Users\Nejc\.stmcufinder\plugins\mcufinder
2024-10-02 14:47:48,425 [WARN] DbFile:41 - Overriding database path with different value: C:\Users\Nejc\.stmcufinder\plugins\mcufinder/ => C:\Users\Nejc\.stmcufinder\plugins\mcufinder
2024-10-02 14:47:48,426 [INFO] CrossReferenceDbSqlite:203 - Set database path to: C:\Users\Nejc\.stmcufinder\plugins\mcufinder//mcu/cs/
2024-10-02 14:47:48,489 [INFO] MainPanel:264 - HeapMemory: 268435456
2024-10-02 14:47:48,573 [INFO] DbMcusXml:78 - Set database path to: F:\Nejc\Programi\STM32CubeIDE_1.10.1\STM32CubeIDE\plugins\com.st.stm32cube.common.mx_6.11.1.202404110753\\db\/mcu/
2024-10-02 14:47:48,573 [INFO] ApiDb:274 - Set plugin database path to: F:\Nejc\Programi\STM32CubeIDE_1.10.1\STM32CubeIDE\plugins\com.st.stm32cube.common.mx_6.11.1.202404110753\\db\/plugins/boardmanager/
2024-10-02 14:47:48,573 [INFO] ApiDb:261 - Set plugin images path to: F:\Nejc\Programi\STM32CubeIDE_1.10.1\STM32CubeIDE\plugins\com.st.stm32cube.common.mx_6.11.1.202404110753\\db\/plugins/mcufinder/images/
2024-10-02 14:47:48,573 [WARN] DbFile:41 - Overriding database path with different value: C:\Users\Nejc\.stmcufinder\plugins\mcufinder/ => C:\Users\Nejc\.stmcufinder\plugins\mcufinder
2024-10-02 14:47:48,573 [INFO] ApiDb:250 - Set database path to: C:\Users\Nejc\.stmcufinder\plugins\mcufinder//mcu/
2024-10-02 14:47:48,573 [WARN] DbFile:41 - Overriding database path with different value: C:\Users\Nejc\.stmcufinder\plugins\mcufinder/ => C:\Users\Nejc\.stmcufinder\plugins\mcufinder
2024-10-02 14:47:48,574 [INFO] DbMcusAds:125 - Set database path to: C:\Users\Nejc\.stmcufinder\plugins\mcufinder//mcu/
2024-10-02 14:47:48,574 [WARN] DbFile:41 - Overriding database path with different value: C:\Users\Nejc\.stmcufinder\plugins\mcufinder/ => C:\Users\Nejc\.stmcufinder\plugins\mcufinder
2024-10-02 14:47:48,574 [WARN] DbFile:41 - Overriding database path with different value: C:\Users\Nejc\.stmcufinder\plugins\mcufinder/ => C:\Users\Nejc\.stmcufinder\plugins\mcufinder
2024-10-02 14:47:48,574 [INFO] CrossReferenceDbSqlite:203 - Set database path to: C:\Users\Nejc\.stmcufinder\plugins\mcufinder//mcu/cs/
2024-10-02 14:47:48,588 [INFO] ApplicationProperties:184 - Using Application install path: F:\Nejc\Programi\STM32CubeIDE_1.10.1\STM32CubeIDE\plugins\com.st.stm32cube.common.mx_6.11.1.202404110753
2024-10-02 14:47:48,589 [INFO] PluginManage:196 - Search for loadable plugins [exclusion list=, ]
2024-10-02 14:47:48,591 [INFO] PluginManage:310 - Check plugin analytics
2024-10-02 14:47:53,252 [INFO] AnalyticsPlugin:253 - Accepted Software Licenses: STM32CubeMX.6.11.1
2024-10-02 14:47:53,252 [INFO] AnalyticsPlugin:255 - Accepted CMSIS Pack Licenses: STMicroelectronics.X-CUBE-TOUCHGFX.4.23.2
2024-10-02 14:47:53,252 [INFO] AnalyticsPlugin:257 - Accepted Firmware Licenses: FW.WB.1.19.0,FW.WB.1.20.0
2024-10-02 14:47:53,254 [INFO] PluginManage:359 - Loaded plugin analytics (category:tool,tabindex:-1)
2024-10-02 14:47:53,254 [INFO] PluginManage:310 - Check plugin cadmodel
2024-10-02 14:47:53,261 [INFO] CADModel:105 - Init CAD model plugin
2024-10-02 14:47:53,261 [INFO] PluginManage:359 - Loaded plugin cadmodel (category:power,tabindex:5)
2024-10-02 14:47:53,261 [INFO] PluginManage:310 - Check plugin clock
2024-10-02 14:47:53,363 [INFO] PluginManage:359 - Loaded plugin clock (category:base,tabindex:2)
2024-10-02 14:47:53,363 [INFO] PluginManage:310 - Check plugin ddr
2024-10-02 14:47:53,365 [INFO] PluginManage:359 - Loaded plugin ddr (category:tool,tabindex:6)
2024-10-02 14:47:53,365 [INFO] PluginManage:310 - Check plugin filemanager
2024-10-02 14:47:53,473 [INFO] PluginManage:359 - Loaded plugin filemanager (category:base,tabindex:10)
2024-10-02 14:47:53,473 [INFO] PluginManage:310 - Check plugin ipmanager
2024-10-02 14:47:53,478 [INFO] PluginManage:359 - Loaded plugin ipmanager (category:base,tabindex:5)
2024-10-02 14:47:53,478 [INFO] PluginManage:310 - Check plugin lpbam
2024-10-02 14:47:53,509 [INFO] PluginManage:359 - Loaded plugin lpbam (category:base,tabindex:0)
2024-10-02 14:47:53,509 [INFO] PluginManage:310 - Check plugin memorymap
2024-10-02 14:47:53,541 [INFO] PluginManage:359 - Loaded plugin memorymap (category:base,tabindex:4)
2024-10-02 14:47:53,541 [INFO] PluginManage:310 - Check plugin pinoutandconfiguration
2024-10-02 14:47:53,595 [INFO] PluginManage:359 - Loaded plugin pinoutandconfiguration (category:base,tabindex:1)
2024-10-02 14:47:53,595 [INFO] PluginManage:310 - Check plugin pinoutconfig
2024-10-02 14:47:53,703 [WARN] SupportedApi:132 - Cannot load RTOS API schema: s4s-elt-must-match.1: The content of 'definitions' must match (annotation?, (simpleType | complexType)?, (unique | key | keyref)*)). A problem was found starting at: attribute.
2024-10-02 14:47:53,810 [INFO] PluginManage:359 - Loaded plugin pinoutconfig (category:base,tabindex:0)
2024-10-02 14:47:53,810 [INFO] PluginManage:310 - Check plugin power
2024-10-02 14:47:53,821 [INFO] PluginManage:359 - Loaded plugin power (category:power,tabindex:4)
2024-10-02 14:47:53,821 [INFO] PluginManage:310 - Check plugin projectmanager
2024-10-02 14:47:53,833 [INFO] PluginManage:359 - Loaded plugin projectmanager (category:projectmanager,tabindex:3)
2024-10-02 14:47:53,833 [INFO] PluginManage:310 - Check plugin thirdparty
2024-10-02 14:47:53,969 [INFO] PluginManage:359 - Loaded plugin thirdparty (category:base,tabindex:-1)
2024-10-02 14:47:53,969 [WARN] IntegrityCheckThread:84 - waiting for thirdparty lock release [integrity check]
2024-10-02 14:47:53,969 [INFO] PluginManage:310 - Check plugin tools
2024-10-02 14:47:53,970 [INFO] IntegrityCheckThread:86 - entering critical section [integrity check]
2024-10-02 14:47:53,970 [INFO] ThirdPartyUpdaterWithRetryManager:70 - Updater plugin not ready yet. [1/15]
2024-10-02 14:47:53,975 [INFO] PluginManage:359 - Loaded plugin tools (category:base,tabindex:7)
2024-10-02 14:47:53,975 [INFO] PluginManage:310 - Check plugin tutovideos
2024-10-02 14:47:54,142 [INFO] PluginManage:359 - Loaded plugin tutovideos (category:base,tabindex:-1)
2024-10-02 14:47:54,142 [INFO] PluginManage:310 - Check plugin updater
2024-10-02 14:47:54,151 [INFO] PluginManage:359 - Loaded plugin updater (category:base,tabindex:12)
2024-10-02 14:47:54,151 [INFO] PluginManage:310 - Check plugin userauth
2024-10-02 14:47:54,156 [INFO] UserAuth:114 - Init User Auth plugin
2024-10-02 14:47:54,156 [INFO] PluginManage:359 - Loaded plugin userauth (category:base,tabindex:14)
2024-10-02 14:47:54,156 [INFO] PluginManage:283 - PluginManage : Loaded plugins [17]
2024-10-02 14:47:54,329 [INFO] PinOutPanel:1561 - setPackage(No Configuration,No Configuration)
2024-10-02 14:47:54,397 [INFO] CADModel:165 - CPN selected for project level
2024-10-02 14:47:54,397 [INFO] CADModel:114 - Register for checkConnection events
2024-10-02 14:47:54,417 [INFO] IPUIPlugin:80 - create IPUIPlugin
2024-10-02 14:47:54,418 [INFO] PluginManager:220 - loadIPPluginJar : add adc
2024-10-02 14:47:54,422 [INFO] IPUIPlugin:80 - create IPUIPlugin
2024-10-02 14:47:54,423 [INFO] PluginManager:220 - loadIPPluginJar : add aes
2024-10-02 14:47:54,429 [INFO] IPUIPlugin:80 - create IPUIPlugin
2024-10-02 14:47:54,429 [INFO] PluginManager:220 - loadIPPluginJar : add can
2024-10-02 14:47:54,432 [INFO] IPUIPlugin:80 - create IPUIPlugin
2024-10-02 14:47:54,432 [INFO] PluginManager:220 - loadIPPluginJar : add comp
2024-10-02 14:47:54,438 [INFO] IPUIPlugin:80 - create IPUIPlugin
2024-10-02 14:47:54,438 [INFO] PluginManager:220 - loadIPPluginJar : add cryp
2024-10-02 14:47:54,443 [INFO] IPUIPlugin:80 - create IPUIPlugin
2024-10-02 14:47:54,443 [INFO] PluginManager:220 - loadIPPluginJar : add dfsdm
2024-10-02 14:47:54,458 [INFO] IPUIPlugin:80 - create IPUIPlugin
2024-10-02 14:47:54,458 [INFO] PluginManager:220 - loadIPPluginJar : add dma
2024-10-02 14:47:54,465 [INFO] IPUIPlugin:80 - create IPUIPlugin
2024-10-02 14:47:54,465 [INFO] PluginManager:220 - loadIPPluginJar : add dma3
2024-10-02 14:47:54,470 [INFO] IPUIPlugin:80 - create IPUIPlugin
2024-10-02 14:47:54,470 [INFO] PluginManager:220 - loadIPPluginJar : add extmemmanager
2024-10-02 14:47:54,473 [INFO] IPUIPlugin:80 - create IPUIPlugin
2024-10-02 14:47:54,473 [INFO] PluginManager:220 - loadIPPluginJar : add fatfs
2024-10-02 14:47:54,480 [INFO] IPUIPlugin:80 - create IPUIPlugin
2024-10-02 14:47:54,480 [INFO] PluginManager:220 - loadIPPluginJar : add fmc
2024-10-02 14:47:54,527 [INFO] IPUIPlugin:80 - create IPUIPlugin
2024-10-02 14:47:54,527 [INFO] PluginManager:220 - loadIPPluginJar : add freertos
2024-10-02 14:47:54,532 [INFO] IPUIPlugin:80 - create IPUIPlugin
2024-10-02 14:47:54,532 [INFO] PluginManager:220 - loadIPPluginJar : add genericplugin
2024-10-02 14:47:54,540 [INFO] IPUIPlugin:80 - create IPUIPlugin
2024-10-02 14:47:54,540 [INFO] PluginManager:220 - loadIPPluginJar : add gfxmmu
2024-10-02 14:47:54,553 [INFO] IPUIPlugin:80 - create IPUIPlugin
2024-10-02 14:47:54,553 [INFO] PluginManager:220 - loadIPPluginJar : add gic
2024-10-02 14:47:54,572 [INFO] IPUIPlugin:80 - create IPUIPlugin
2024-10-02 14:47:54,572 [INFO] PluginManager:220 - loadIPPluginJar : add gpio
2024-10-02 14:47:54,584 [INFO] IPUIPlugin:80 - create IPUIPlugin
2024-10-02 14:47:54,584 [INFO] PluginManager:220 - loadIPPluginJar : add gtzc
2024-10-02 14:47:54,588 [INFO] IPUIPlugin:80 - create IPUIPlugin
2024-10-02 14:47:54,589 [INFO] PluginManager:220 - loadIPPluginJar : add hash
2024-10-02 14:47:54,595 [INFO] IPUIPlugin:80 - create IPUIPlugin
2024-10-02 14:47:54,595 [INFO] PluginManager:220 - loadIPPluginJar : add i2c
2024-10-02 14:47:54,601 [INFO] IPUIPlugin:80 - create IPUIPlugin
2024-10-02 14:47:54,601 [INFO] PluginManager:220 - loadIPPluginJar : add i2s
2024-10-02 14:47:54,606 [INFO] IPUIPlugin:80 - create IPUIPlugin
2024-10-02 14:47:54,607 [INFO] PluginManager:220 - loadIPPluginJar : add i3c
2024-10-02 14:47:54,614 [INFO] IPUIPlugin:80 - create IPUIPlugin
2024-10-02 14:47:54,614 [INFO] PluginManager:220 - loadIPPluginJar : add ipddr
2024-10-02 14:47:54,626 [INFO] IPUIPlugin:80 - create IPUIPlugin
2024-10-02 14:47:54,626 [INFO] PluginManager:220 - loadIPPluginJar : add linkedlist
2024-10-02 14:47:54,631 [INFO] IPUIPlugin:80 - create IPUIPlugin
2024-10-02 14:47:54,631 [INFO] PluginManager:220 - loadIPPluginJar : add lorawan
2024-10-02 14:47:54,635 [INFO] IPUIPlugin:80 - create IPUIPlugin
2024-10-02 14:47:54,635 [INFO] PluginManager:220 - loadIPPluginJar : add ltdc
2024-10-02 14:47:54,653 [INFO] IPUIPlugin:80 - create IPUIPlugin
2024-10-02 14:47:54,653 [INFO] PluginManager:220 - loadIPPluginJar : add mdma
2024-10-02 14:47:54,675 [INFO] IPUIPlugin:80 - create IPUIPlugin
2024-10-02 14:47:54,676 [INFO] PluginManager:220 - loadIPPluginJar : add nvic
2024-10-02 14:47:54,680 [INFO] IPUIPlugin:80 - create IPUIPlugin
2024-10-02 14:47:54,680 [INFO] PluginManager:220 - loadIPPluginJar : add opamp
2024-10-02 14:47:54,686 [INFO] IPUIPlugin:80 - create IPUIPlugin
2024-10-02 14:47:54,686 [INFO] PluginManager:220 - loadIPPluginJar : add openamp
2024-10-02 14:47:54,691 [INFO] IPUIPlugin:80 - create IPUIPlugin
2024-10-02 14:47:54,691 [INFO] PluginManager:220 - loadIPPluginJar : add pdm2pcm
2024-10-02 14:47:54,710 [INFO] IPUIPlugin:80 - create IPUIPlugin
2024-10-02 14:47:54,711 [INFO] PluginManager:220 - loadIPPluginJar : add plateformsettings
2024-10-02 14:47:54,714 [INFO] IPUIPlugin:80 - create IPUIPlugin
2024-10-02 14:47:54,714 [INFO] PluginManager:220 - loadIPPluginJar : add quadspi
2024-10-02 14:47:54,768 [INFO] IPUIPlugin:80 - create IPUIPlugin
2024-10-02 14:47:54,769 [INFO] PluginManager:220 - loadIPPluginJar : add resmgrutility
2024-10-02 14:47:54,774 [INFO] IPUIPlugin:80 - create IPUIPlugin
2024-10-02 14:47:54,774 [INFO] PluginManager:220 - loadIPPluginJar : add sai
2024-10-02 14:47:54,778 [INFO] IPUIPlugin:80 - create IPUIPlugin
2024-10-02 14:47:54,778 [INFO] PluginManager:220 - loadIPPluginJar : add spi
2024-10-02 14:47:54,785 [INFO] IPUIPlugin:80 - create IPUIPlugin
2024-10-02 14:47:54,785 [INFO] PluginManager:220 - loadIPPluginJar : add stm32_wpan
2024-10-02 14:47:54,789 [INFO] IPUIPlugin:80 - create IPUIPlugin
2024-10-02 14:47:54,789 [INFO] PluginManager:220 - loadIPPluginJar : add tim
2024-10-02 14:47:54,798 [INFO] IPUIPlugin:80 - create IPUIPlugin
2024-10-02 14:47:54,798 [INFO] PluginManager:220 - loadIPPluginJar : add touchsensing
2024-10-02 14:47:54,802 [INFO] IPUIPlugin:80 - create IPUIPlugin
2024-10-02 14:47:54,802 [INFO] PluginManager:220 - loadIPPluginJar : add tracer_emb
2024-10-02 14:47:54,805 [INFO] IPUIPlugin:80 - create IPUIPlugin
2024-10-02 14:47:54,805 [INFO] PluginManager:220 - loadIPPluginJar : add ts
2024-10-02 14:47:54,808 [INFO] IPUIPlugin:80 - create IPUIPlugin
2024-10-02 14:47:54,808 [INFO] PluginManager:220 - loadIPPluginJar : add tsc
2024-10-02 14:47:54,811 [INFO] IPUIPlugin:80 - create IPUIPlugin
2024-10-02 14:47:54,811 [INFO] PluginManager:220 - loadIPPluginJar : add ucpd
2024-10-02 14:47:54,816 [INFO] IPUIPlugin:80 - create IPUIPlugin
2024-10-02 14:47:54,816 [INFO] PluginManager:220 - loadIPPluginJar : add usart
2024-10-02 14:47:54,822 [INFO] IPUIPlugin:80 - create IPUIPlugin
2024-10-02 14:47:54,822 [INFO] PluginManager:220 - loadIPPluginJar : add usbx
2024-10-02 14:47:54,936 [INFO] CADModel:165 - CPN selected for project level
2024-10-02 14:47:54,937 [INFO] CADModel:114 - Register for checkConnection events
2024-10-02 14:47:54,937 [FATAL] Updater:308 - Updater called before beeing initialized
2024-10-02 14:47:54,937 [ERROR] CADModel:125 - Updater not yet initialized, retry later 
2024-10-02 14:47:55,054 [INFO] CADModel:165 - CPN selected for project level
2024-10-02 14:47:55,054 [INFO] CADModel:114 - Register for checkConnection events
2024-10-02 14:47:55,054 [FATAL] Updater:308 - Updater called before beeing initialized
2024-10-02 14:47:55,054 [ERROR] CADModel:125 - Updater not yet initialized, retry later 
2024-10-02 14:47:55,056 [FATAL] Updater:308 - Updater called before beeing initialized
2024-10-02 14:47:55,139 [FATAL] Updater:308 - Updater called before beeing initialized
2024-10-02 14:47:55,143 [INFO] DbMcusAds:53 - JSON generation date=Thu May 16 11:22:00 CEST 2024 (1715851320667)
2024-10-02 14:47:55,143 [FATAL] Updater:308 - Updater called before beeing initialized
2024-10-02 14:47:55,199 [WARN] DetailPanel:346 - Failed to get advertising image, set to default
2024-10-02 14:47:55,295 [FATAL] Updater:308 - Updater called before beeing initialized
2024-10-02 14:47:55,297 [FATAL] Updater:308 - Updater called before beeing initialized
2024-10-02 14:47:55,297 [FATAL] Updater:308 - Updater called before beeing initialized
2024-10-02 14:47:55,297 [WARN] DetailPanel:346 - Failed to get advertising image, set to default
2024-10-02 14:47:55,298 [FATAL] Updater:308 - Updater called before beeing initialized
2024-10-02 14:47:55,337 [ERROR] Updater:1120 - MainUpdater not yet initialized. External WinMGr cannot be set.
2024-10-02 14:47:55,340 [INFO] Updater:1056 - Updater Version found : 6.11.1
2024-10-02 14:47:55,356 [INFO] ApplicationProperties:184 - Using Application install path: F:\Nejc\Programi\STM32CubeIDE_1.10.1\STM32CubeIDE\plugins\com.st.stm32cube.common.mx_6.11.1.202404110753
2024-10-02 14:47:56,929 [ERROR] LogOutputStream:75 - [STDERR_REDIRECT] Oct 02, 2024 2:47:56 PM java.util.prefs.WindowsPreferences <init>
2024-10-02 14:47:56,930 [ERROR] LogOutputStream:75 - [STDERR_REDIRECT] WARNING: Could not open/create prefs root node Software\JavaSoft\Prefs at root 0xffffffff80000002. Windows RegCreateKeyEx(...) returned error code 5.
2024-10-02 14:47:56,930 [ERROR] LogOutputStream:75 - [STDERR_REDIRECT] 
2024-10-02 14:47:56,971 [INFO] ThirdPartyUpdaterWithRetryManager:70 - Updater plugin not ready yet. [2/15]
2024-10-02 14:47:57,288 [INFO] MainUpdater:2873 - connection check result : 10
2024-10-02 14:47:57,288 [INFO] MainUpdater:3567 - Updater definition file requires update
2024-10-02 14:47:57,289 [INFO] MainUpdater:290 - Updater Check For Update Now.
2024-10-02 14:47:57,289 [INFO] MicroXplorer:498 - Change Database Version : DB.6.0.111
2024-10-02 14:47:57,294 [INFO] McuFinderGlobals:63 - Set McuFinder mode to 2 (CubeIDE integrated)
2024-10-02 14:47:57,299 [INFO] UserAuth:415 - Internet connection configuration mode: 1
2024-10-02 14:47:57,312 [INFO] JxBrowserEngine:152 - Initiate JxBrowser Engine with user profile folder
2024-10-02 14:47:57,416 [INFO] ServerAccessManage:473 - Download File updaters.zip
2024-10-02 14:47:57,515 [INFO] FileExtend:240 - Unzip File : updaters.zip
2024-10-02 14:47:57,515 [INFO] FileExtend:255 - Standard Zip Deflate
2024-10-02 14:47:57,786 [INFO] ServerAccessManage:473 - Download File PacksControlFlags.xml
2024-10-02 14:47:57,865 [INFO] ServerAccessManage:473 - Download File cubemx.pidx
2024-10-02 14:47:58,156 [INFO] ServerAccessManage:473 - Download File STMicroelectronics.X-CUBE-AI.pdsc
2024-10-02 14:47:59,367 [INFO] WebApp:161 - Instantiating new browser for Auth
2024-10-02 14:47:59,972 [WARN] MainUpdater:1194 - Updater busy. Cannot search thirdparties
2024-10-02 14:47:59,972 [INFO] ThirdPartyUpdaterWithRetryManager:96 - Updater plugin is busy. [1/15]
2024-10-02 14:47:59,984 [INFO] WebApp:779 - Register for checkConnection events
2024-10-02 14:47:59,984 [INFO] WebApp:414 - Apply proxy settings
2024-10-02 14:47:59,984 [INFO] WebApp:499 - Chromium requires no authentication
2024-10-02 14:47:59,995 [INFO] WebApp:442 - Direct internet connection detected
2024-10-02 14:48:00,096 [WARN] PackLoader:240 - Cannot read IP mode file for STMicroelectronics.X-CUBE-AI.9.1.0
2024-10-02 14:48:00,099 [INFO] PopulateThirdPartyThread:66 - Ending populate Thread
2024-10-02 14:48:00,100 [INFO] ThirdParty:1030 - CMSIS Pack Vendor :STMicroelectronics X-CUBE-AI 9.1.0
2024-10-02 14:48:00,101 [INFO] LoadServerUpdatesThread:375 - End of LoadServerUpdate Thread
2024-10-02 14:48:00,221 [INFO] WebApp:192 - Starting web application
2024-10-02 14:48:00,221 [INFO] WebApp:544 - Web application path used F:\Nejc\Programi\STM32CubeIDE_1.10.1\STM32CubeIDE\plugins\com.st.stm32cube.common.mx_6.11.1.202404110753\db\plugins\mcufinder\reactClient1\index.html
2024-10-02 14:48:00,233 [INFO] CheckServerUpdateThread:120 - End of CheckServer Thread
2024-10-02 14:48:03,184 [WARN] PackLoader:240 - Cannot read IP mode file for STMicroelectronics.FP-SNS-MOTENVWB1.1.4.0
2024-10-02 14:48:03,193 [WARN] PackLoader:240 - Cannot read IP mode file for STMicroelectronics.X-CUBE-SMBUS.2.1.0
2024-10-02 14:48:03,202 [WARN] PackLoader:240 - Cannot read IP mode file for STMicroelectronics.X-CUBE-TOUCHGFX.4.23.2
2024-10-02 14:48:03,268 [WARN] PackLoader:240 - Cannot read IP mode file for STMicroelectronics.X-CUBE-AZRTOS-F7.1.1.0
2024-10-02 14:48:03,278 [WARN] PackLoader:240 - Cannot read IP mode file for STMicroelectronics.FP-SNS-MOTENV1.4.3.2
2024-10-02 14:48:03,286 [WARN] PackLoader:240 - Cannot read IP mode file for STMicroelectronics.FP-SNS-FLIGHT1.5.0.1
2024-10-02 14:48:03,334 [WARN] PackLoader:240 - Cannot read IP mode file for STMicroelectronics.X-CUBE-MEMS1.11.0.0
2024-10-02 14:48:03,450 [WARN] PackLoader:240 - Cannot read IP mode file for STMicroelectronics.X-CUBE-BLE1.6.2.4
2024-10-02 14:48:03,487 [WARN] PackLoader:240 - Cannot read IP mode file for STMicroelectronics.FP-SNS-FLIGHT1.5.0.2
2024-10-02 14:48:03,500 [WARN] PackLoader:240 - Cannot read IP mode file for STMicroelectronics.X-CUBE-DISPLAY.3.0.0
2024-10-02 14:48:03,510 [WARN] PackLoader:240 - Cannot read IP mode file for STMicroelectronics.X-CUBE-BLE1.7.0.0
2024-10-02 14:48:03,572 [WARN] PackLoader:240 - Cannot read IP mode file for STMicroelectronics.X-CUBE-NFC10.1.0.0
2024-10-02 14:48:03,579 [WARN] PackLoader:240 - Cannot read IP mode file for emotas.I-CUBE-CANOPEN.1.3.0
2024-10-02 14:48:03,586 [WARN] PackLoader:240 - Cannot read IP mode file for STMicroelectronics.X-CUBE-TOUCHGFX.4.22.0
2024-10-02 14:48:03,599 [WARN] PackLoader:240 - Cannot read IP mode file for STMicroelectronics.X-CUBE-BLEMGR.3.1.0
2024-10-02 14:48:03,609 [WARN] PackLoader:240 - Cannot read IP mode file for STMicroelectronics.FP-SNS-SMARTAG2.1.2.0
2024-10-02 14:48:03,633 [INFO] LogOutputStream:77 - [STDOUT_REDIRECT] 1 : Invalid condition id : UX_CORESTACK_Condition cause : null
2024-10-02 14:48:03,633 [INFO] LogOutputStream:77 - [STDOUT_REDIRECT] 1 : Invalid condition id : UX_CORESTACK_Condition cause : null
2024-10-02 14:48:03,634 [INFO] LogOutputStream:77 - [STDOUT_REDIRECT] 1 : Invalid condition id : UX_CORESTACK_Condition cause : null
2024-10-02 14:48:03,636 [INFO] LogOutputStream:77 - [STDOUT_REDIRECT] 1 : Invalid condition id : UX_CORESTACK_Condition cause : null
2024-10-02 14:48:03,637 [INFO] LogOutputStream:77 - [STDOUT_REDIRECT] 1 : Invalid condition id : UX_CORESTACK_Condition cause : null
2024-10-02 14:48:03,640 [WARN] PackLoader:240 - Cannot read IP mode file for STMicroelectronics.X-CUBE-AZRTOS-WL.2.0.0
2024-10-02 14:48:03,646 [WARN] PackLoader:240 - Cannot read IP mode file for STMicroelectronics.FP-SNS-MOTENV1.5.0.0
2024-10-02 14:48:03,652 [WARN] PackLoader:240 - Cannot read IP mode file for wolfSSL.I-CUBE-wolfMQTT.1.19.0
2024-10-02 14:48:03,660 [WARN] PackLoader:240 - Cannot read IP mode file for WES.I-CUBE-Cesium.1.3.0
2024-10-02 14:48:03,668 [WARN] PackLoader:240 - Cannot read IP mode file for STMicroelectronics.X-CUBE-BLE2.3.3.0
2024-10-02 14:48:03,678 [WARN] PackLoader:240 - Cannot read IP mode file for STMicroelectronics.X-CUBE-NFC9.1.0.0
2024-10-02 14:48:03,687 [WARN] PackLoader:240 - Cannot read IP mode file for STMicroelectronics.X-CUBE-TCPP.4.1.0
2024-10-02 14:48:03,695 [WARN] PackLoader:240 - Cannot read IP mode file for STMicroelectronics.X-CUBE-ALGOBUILD.1.3.0
2024-10-02 14:48:03,715 [WARN] PackLoader:240 - Cannot read IP mode file for STMicroelectronics.X-CUBE-AZRTOS-G0.1.1.0
2024-10-02 14:48:03,724 [WARN] PackLoader:240 - Cannot read IP mode file for STMicroelectronics.X-CUBE-SAFEA1.1.2.2
2024-10-02 14:48:03,732 [WARN] PackLoader:240 - Cannot read IP mode file for STMicroelectronics.X-CUBE-NFC4.3.0.0
2024-10-02 14:48:03,747 [WARN] PackLoader:240 - Cannot read IP mode file for EmbeddedOffice.I-CUBE-FS-RTOS.1.0.1
2024-10-02 14:48:03,748 [ERROR] ConditionMgr:805 - Attr not supported : Dmpu
2024-10-02 14:48:03,748 [ERROR] ConditionMgr:805 - Attr not supported : Dmpu
2024-10-02 14:48:03,748 [ERROR] ConditionMgr:805 - Attr not supported : Dmpu
2024-10-02 14:48:03,748 [ERROR] ConditionMgr:805 - Attr not supported : Dmpu
2024-10-02 14:48:03,748 [ERROR] ConditionMgr:805 - Attr not supported : Dmpu
2024-10-02 14:48:03,748 [ERROR] ConditionMgr:805 - Attr not supported : Dmpu
2024-10-02 14:48:03,748 [ERROR] ConditionMgr:805 - Attr not supported : Dmpu
2024-10-02 14:48:03,748 [ERROR] ConditionMgr:805 - Attr not supported : Dmpu
2024-10-02 14:48:03,748 [ERROR] ConditionMgr:805 - Attr not supported : Dmpu
2024-10-02 14:48:03,748 [ERROR] ConditionMgr:805 - Attr not supported : Dmpu
2024-10-02 14:48:03,748 [ERROR] ConditionMgr:805 - Attr not supported : Dmpu
2024-10-02 14:48:03,748 [ERROR] ConditionMgr:805 - Attr not supported : Dmpu
2024-10-02 14:48:03,749 [ERROR] ConditionMgr:805 - Attr not supported : Dmpu
2024-10-02 14:48:03,749 [ERROR] ConditionMgr:805 - Attr not supported : Dmpu
2024-10-02 14:48:03,749 [ERROR] ConditionMgr:805 - Attr not supported : Dmpu
2024-10-02 14:48:03,749 [ERROR] ConditionMgr:805 - Attr not supported : Dmpu
2024-10-02 14:48:03,749 [ERROR] ConditionMgr:805 - Attr not supported : Dmpu
2024-10-02 14:48:03,749 [ERROR] ConditionMgr:805 - Attr not supported : Dmpu
2024-10-02 14:48:03,749 [ERROR] ConditionMgr:805 - Attr not supported : Dmpu
2024-10-02 14:48:03,749 [ERROR] ConditionMgr:805 - Attr not supported : Dmpu
2024-10-02 14:48:03,749 [ERROR] ConditionMgr:805 - Attr not supported : Dmpu
2024-10-02 14:48:03,749 [ERROR] ConditionMgr:805 - Attr not supported : Dmpu
2024-10-02 14:48:03,749 [ERROR] ConditionMgr:805 - Attr not supported : Dmpu
2024-10-02 14:48:03,749 [ERROR] ConditionMgr:805 - Attr not supported : Dmpu
2024-10-02 14:48:03,749 [ERROR] ConditionMgr:805 - Attr not supported : Dmpu
2024-10-02 14:48:03,749 [ERROR] ConditionMgr:805 - Attr not supported : Dmpu
2024-10-02 14:48:03,749 [ERROR] ConditionMgr:805 - Attr not supported : Dmpu
2024-10-02 14:48:03,749 [ERROR] ConditionMgr:805 - Attr not supported : Dmpu
2024-10-02 14:48:03,750 [ERROR] ConditionMgr:805 - Attr not supported : Dmpu
2024-10-02 14:48:03,750 [ERROR] ConditionMgr:805 - Attr not supported : Dmpu
2024-10-02 14:48:03,750 [ERROR] ConditionMgr:805 - Attr not supported : Dmpu
2024-10-02 14:48:03,750 [ERROR] ConditionMgr:805 - Attr not supported : Dmpu
2024-10-02 14:48:03,750 [ERROR] ConditionMgr:805 - Attr not supported : Dmpu
2024-10-02 14:48:03,750 [ERROR] ConditionMgr:805 - Attr not supported : Dmpu
2024-10-02 14:48:03,750 [ERROR] ConditionMgr:805 - Attr not supported : Dmpu
2024-10-02 14:48:03,750 [ERROR] ConditionMgr:805 - Attr not supported : Dmpu
2024-10-02 14:48:03,750 [ERROR] ConditionMgr:805 - Attr not supported : Dmpu
2024-10-02 14:48:03,750 [ERROR] ConditionMgr:805 - Attr not supported : Dmpu
2024-10-02 14:48:03,750 [ERROR] ConditionMgr:805 - Attr not supported : Dmpu
2024-10-02 14:48:03,750 [ERROR] ConditionMgr:805 - Attr not supported : Dmpu
2024-10-02 14:48:03,750 [ERROR] ConditionMgr:805 - Attr not supported : Dmpu
2024-10-02 14:48:03,750 [ERROR] ConditionMgr:805 - Attr not supported : Dmpu
2024-10-02 14:48:03,750 [ERROR] ConditionMgr:805 - Attr not supported : Dmpu
2024-10-02 14:48:03,750 [ERROR] ConditionMgr:805 - Attr not supported : Dmpu
2024-10-02 14:48:03,750 [ERROR] ConditionMgr:805 - Attr not supported : Dmpu
2024-10-02 14:48:03,751 [ERROR] ConditionMgr:805 - Attr not supported : Dmpu
2024-10-02 14:48:03,751 [ERROR] ConditionMgr:805 - Attr not supported : Dmpu
2024-10-02 14:48:03,751 [ERROR] ConditionMgr:805 - Attr not supported : Dmpu
2024-10-02 14:48:03,751 [ERROR] ConditionMgr:805 - Attr not supported : Dmpu
2024-10-02 14:48:03,751 [ERROR] ConditionMgr:805 - Attr not supported : Dmpu
2024-10-02 14:48:03,751 [ERROR] ConditionMgr:805 - Attr not supported : Dmpu
2024-10-02 14:48:03,751 [ERROR] ConditionMgr:805 - Attr not supported : Dmpu
2024-10-02 14:48:03,751 [ERROR] ConditionMgr:805 - Attr not supported : Dmpu
2024-10-02 14:48:03,751 [ERROR] ConditionMgr:805 - Attr not supported : Dmpu
2024-10-02 14:48:03,751 [ERROR] ConditionMgr:805 - Attr not supported : Dmpu
2024-10-02 14:48:03,751 [ERROR] ConditionMgr:805 - Attr not supported : Dmpu
2024-10-02 14:48:03,751 [ERROR] ConditionMgr:805 - Attr not supported : Dmpu
2024-10-02 14:48:03,751 [ERROR] ConditionMgr:805 - Attr not supported : Dmpu
2024-10-02 14:48:03,751 [ERROR] ConditionMgr:805 - Attr not supported : Dmpu
2024-10-02 14:48:03,751 [ERROR] ConditionMgr:805 - Attr not supported : Dmpu
2024-10-02 14:48:03,751 [ERROR] ConditionMgr:805 - Attr not supported : Dmpu
2024-10-02 14:48:03,751 [ERROR] ConditionMgr:805 - Attr not supported : Dmpu
2024-10-02 14:48:03,751 [ERROR] ConditionMgr:805 - Attr not supported : Dmpu
2024-10-02 14:48:03,751 [ERROR] ConditionMgr:805 - Attr not supported : Dmpu
2024-10-02 14:48:03,758 [WARN] PackLoader:240 - Cannot read IP mode file for RealThread.X-CUBE-RT-Thread_Nano.4.1.1
2024-10-02 14:48:03,767 [WARN] PackLoader:240 - Cannot read IP mode file for wolfSSL.I-CUBE-wolfSSL.5.7.0
2024-10-02 14:48:03,775 [WARN] PackLoader:240 - Cannot read IP mode file for STMicroelectronics.FP-ATR-SIGFOX1.3.2.0
2024-10-02 14:48:03,782 [WARN] PackLoader:240 - Cannot read IP mode file for STMicroelectronics.X-CUBE-EEPRMA1.5.1.0
2024-10-02 14:48:03,790 [WARN] PackLoader:240 - Cannot read IP mode file for ITTIA_DB.I-CUBE-ITTIADB.8.9.0
2024-10-02 14:48:03,811 [WARN] PackLoader:240 - Cannot read IP mode file for SEGGER.I-CUBE-embOS.1.3.1
2024-10-02 14:48:03,842 [WARN] PackLoader:240 - Cannot read IP mode file for STMicroelectronics.X-CUBE-ALGOBUILD.1.4.0
2024-10-02 14:48:03,847 [WARN] PackLoader:240 - Cannot read IP mode file for STMicroelectronics.X-CUBE-AI.9.1.0
2024-10-02 14:48:03,853 [WARN] PackLoader:240 - Cannot read IP mode file for STMicroelectronics.X-CUBE-GNSS1.6.0.0
2024-10-02 14:48:03,871 [WARN] PackLoader:240 - Cannot read IP mode file for STMicroelectronics.X-CUBE-AZRTOS-F4.1.1.0
2024-10-02 14:48:03,877 [WARN] PackLoader:240 - Cannot read IP mode file for wolfSSL.I-CUBE-wolfSSL.5.6.0
2024-10-02 14:48:03,883 [WARN] PackLoader:240 - Cannot read IP mode file for STMicroelectronics.X-CUBE-ISPU.2.1.0
2024-10-02 14:48:03,888 [WARN] PackLoader:240 - Cannot read IP mode file for STMicroelectronics.X-CUBE-FREERTOS.1.2.0
2024-10-02 14:48:03,910 [WARN] PackLoader:240 - Cannot read IP mode file for STMicroelectronics.X-CUBE-AZRTOS-L5.2.0.0
2024-10-02 14:48:03,952 [WARN] PackLoader:240 - Cannot read IP mode file for STMicroelectronics.X-CUBE-MEMS1.9.6.0
2024-10-02 14:48:04,041 [WARN] PackLoader:240 - Cannot read IP mode file for STMicroelectronics.X-CUBE-NFC6.3.1.0
2024-10-02 14:48:04,050 [WARN] PackLoader:240 - Cannot read IP mode file for emotas.I-CUBE-CANOPEN.1.1.3
2024-10-02 14:48:04,058 [WARN] PackLoader:240 - Cannot read IP mode file for STMicroelectronics.X-CUBE-BLEMGR.2.0.0
2024-10-02 14:48:04,065 [WARN] PackLoader:240 - Cannot read IP mode file for STMicroelectronics.X-CUBE-DPower.1.2.0
2024-10-02 14:48:04,072 [WARN] PackLoader:240 - Cannot read IP mode file for STMicroelectronics.X-CUBE-AI.9.0.0
2024-10-02 14:48:04,094 [WARN] ConditionMgr:438 - getConditionDescription Invalid condition id : UX DEVICE CLASS RTOS Condition cause : null
2024-10-02 14:48:04,094 [WARN] ConditionMgr:438 - getConditionDescription Invalid condition id : UX DEVICE CLASS RTOS Condition cause : null
2024-10-02 14:48:04,097 [WARN] PackLoader:240 - Cannot read IP mode file for STMicroelectronics.X-CUBE-AZRTOS-H7.3.1.0
2024-10-02 14:48:04,098 [WARN] ConditionMgr:1039 - genDependencies : Invalid condition id : UX DEVICE CLASS RTOS Condition cause : null
2024-10-02 14:48:04,098 [WARN] ConditionMgr:1039 - genDependencies : Invalid condition id : UX DEVICE CLASS RTOS Condition cause : null
2024-10-02 14:48:04,098 [WARN] ConditionMgr:1039 - genDependencies : Invalid condition id : UX DEVICE CLASS RTOS Condition cause : null
2024-10-02 14:48:04,099 [WARN] ConditionMgr:1039 - genDependencies : Invalid condition id : UX DEVICE CLASS RTOS Condition cause : null
2024-10-02 14:48:04,099 [WARN] ConditionMgr:1039 - genDependencies : Invalid condition id : UX DEVICE CLASS RTOS Condition cause : null
2024-10-02 14:48:04,108 [WARN] PackLoader:240 - Cannot read IP mode file for STMicroelectronics.X-CUBE-NFC7.1.0.1
2024-10-02 14:48:04,113 [WARN] PackLoader:240 - Cannot read IP mode file for wolfSSL.I-CUBE-wolfTPM.3.2.0
2024-10-02 14:48:04,122 [WARN] PackLoader:240 - Cannot read IP mode file for STMicroelectronics.X-CUBE-NFC6.3.0.0
2024-10-02 14:48:04,129 [WARN] PackLoader:240 - Cannot read IP mode file for STMicroelectronics.X-CUBE-EEPRMA1.4.1.0
2024-10-02 14:48:04,135 [WARN] PackLoader:240 - Cannot read IP mode file for STMicroelectronics.X-CUBE-AI.8.1.0
2024-10-02 14:48:04,157 [WARN] ConditionMgr:438 - getConditionDescription Invalid condition id : LAN8742 Phy interface Condition cause : null
2024-10-02 14:48:04,158 [WARN] PackLoader:240 - Cannot read IP mode file for STMicroelectronics.X-CUBE-AZRTOS-L4.2.0.0
2024-10-02 14:48:04,159 [WARN] ConditionMgr:1039 - genDependencies : Invalid condition id : LAN8742 Phy interface Condition cause : null
2024-10-02 14:48:04,159 [WARN] ConditionMgr:1039 - genDependencies : Invalid condition id : LAN8742 Phy interface Condition cause : null
2024-10-02 14:48:04,160 [WARN] ConditionMgr:1039 - genDependencies : Invalid condition id : LAN8742 Phy interface Condition cause : null
2024-10-02 14:48:04,167 [WARN] PackLoader:240 - Cannot read IP mode file for STMicroelectronics.X-CUBE-SFXS2LP1.4.0.0
2024-10-02 14:48:04,175 [WARN] PackLoader:240 - Cannot read IP mode file for STMicroelectronics.X-CUBE-ISPU.1.1.0
2024-10-02 14:48:04,196 [WARN] PackLoader:240 - Cannot read IP mode file for STMicroelectronics.X-CUBE-AZRTOS-H7.3.3.0
2024-10-02 14:48:04,216 [WARN] ConditionMgr:438 - getConditionDescription Invalid condition id : UX DEVICE CLASS RTOS Condition cause : null
2024-10-02 14:48:04,216 [WARN] ConditionMgr:438 - getConditionDescription Invalid condition id : UX DEVICE CLASS RTOS Condition cause : null
2024-10-02 14:48:04,217 [WARN] PackLoader:240 - Cannot read IP mode file for STMicroelectronics.X-CUBE-AZRTOS-WB.2.0.0
2024-10-02 14:48:04,218 [WARN] ConditionMgr:1039 - genDependencies : Invalid condition id : UX DEVICE CLASS RTOS Condition cause : null
2024-10-02 14:48:04,218 [WARN] ConditionMgr:1039 - genDependencies : Invalid condition id : UX DEVICE CLASS RTOS Condition cause : null
2024-10-02 14:48:04,218 [WARN] ConditionMgr:1039 - genDependencies : Invalid condition id : UX DEVICE CLASS RTOS Condition cause : null
2024-10-02 14:48:04,218 [WARN] ConditionMgr:1039 - genDependencies : Invalid condition id : UX DEVICE CLASS RTOS Condition cause : null
2024-10-02 14:48:04,218 [WARN] ConditionMgr:1039 - genDependencies : Invalid condition id : UX DEVICE CLASS RTOS Condition cause : null
2024-10-02 14:48:04,225 [WARN] PackLoader:240 - Cannot read IP mode file for STMicroelectronics.X-CUBE-FREERTOS.1.0.1
2024-10-02 14:48:04,231 [WARN] PackLoader:240 - Cannot read IP mode file for STMicroelectronics.X-CUBE-GNSS1.7.0.0
2024-10-02 14:48:04,239 [WARN] PackLoader:240 - Cannot read IP mode file for STMicroelectronics.FP-SNS-STBOX1.2.0.0
2024-10-02 14:48:04,258 [WARN] PackLoader:240 - Cannot read IP mode file for STMicroelectronics.X-CUBE-AZRTOS-L5.1.1.0
2024-10-02 14:48:04,265 [WARN] PackLoader:240 - Cannot read IP mode file for STMicroelectronics.X-CUBE-AI.8.0.1
2024-10-02 14:48:04,279 [WARN] PackLoader:240 - Cannot read IP mode file for STMicroelectronics.X-CUBE-SUBG2.5.0.0
2024-10-02 14:48:04,295 [WARN] PackLoader:240 - Cannot read IP mode file for Cesanta.I-CUBE-Mongoose.7.13.0
2024-10-02 14:48:04,312 [WARN] PackLoader:240 - Cannot read IP mode file for STMicroelectronics.X-CUBE-TOF1.3.3.1
2024-10-02 14:48:04,343 [WARN] PackLoader:240 - Cannot read IP mode file for STMicroelectronics.X-CUBE-AZRTOS-G4.2.0.0
2024-10-02 14:48:04,359 [WARN] PackLoader:240 - Cannot read IP mode file for STMicroelectronics.X-CUBE-TOF1.3.3.0
2024-10-02 14:48:04,372 [WARN] PackLoader:240 - Cannot read IP mode file for STMicroelectronics.FP-SNS-MOTENVWB1.1.3.1
2024-10-02 14:48:04,383 [WARN] PackLoader:240 - Cannot read IP mode file for STMicroelectronics.X-CUBE-ISPU.2.0.0
2024-10-02 14:48:04,402 [WARN] PackLoader:240 - Cannot read IP mode file for STMicroelectronics.X-CUBE-ALS.1.0.2
2024-10-02 14:48:04,439 [WARN] PackLoader:240 - Cannot read IP mode file for STMicroelectronics.X-CUBE-MEMS1.10.0.0
2024-10-02 14:48:04,511 [WARN] PackLoader:240 - Cannot read IP mode file for STMicroelectronics.X-CUBE-FREERTOS.1.1.0
2024-10-02 14:48:04,517 [WARN] PackLoader:240 - Cannot read IP mode file for STMicroelectronics.X-CUBE-TOUCHGFX.4.24.0
2024-10-02 14:48:04,522 [WARN] PackLoader:240 - Cannot read IP mode file for STMicroelectronics.X-CUBE-TOUCHGFX.4.24.1
2024-10-02 14:48:04,530 [WARN] PackLoader:240 - Cannot read IP mode file for portGmbH.I-Cube-SoM-uGOAL.1.1.0
2024-10-02 14:48:04,535 [WARN] PackLoader:240 - Cannot read IP mode file for STMicroelectronics.X-CUBE-ALS.1.0.1
2024-10-02 14:48:04,551 [WARN] PackLoader:240 - Cannot read IP mode file for STMicroelectronics.X-CUBE-AZRTOS-WB.1.1.0
2024-10-02 14:48:04,574 [WARN] PackLoader:240 - Cannot read IP mode file for STMicroelectronics.X-CUBE-AZRTOS-H7RS.1.0.0
2024-10-02 14:48:04,582 [WARN] PackLoader:240 - Cannot read IP mode file for STMicroelectronics.FP-ATR-ASTRA1.2.0.0
2024-10-02 14:48:04,595 [WARN] PackLoader:240 - Cannot read IP mode file for STMicroelectronics.X-CUBE-TOF1.3.4.2
2024-10-02 14:48:04,613 [WARN] PackLoader:240 - Cannot read IP mode file for STMicroelectronics.X-CUBE-TOF1.3.4.1
2024-10-02 14:48:04,637 [WARN] PackLoader:240 - Cannot read IP mode file for STMicroelectronics.X-CUBE-AZRTOS-H7.3.2.0
2024-10-02 14:48:04,662 [WARN] PackLoader:240 - Cannot read IP mode file for Infineon.AIROC-Wi-Fi-Bluetooth-STM32.1.6.0
2024-10-02 14:48:04,670 [WARN] PackLoader:240 - Cannot read IP mode file for wolfSSL.I-CUBE-wolfSSH.1.4.17
2024-10-02 14:48:04,671 [INFO] ThirdParty:978 - Integrity check success = true
2024-10-02 14:48:04,671 [INFO] IntegrityCheckThread:100 - exiting critical section [integrity check]
2024-10-02 14:48:04,671 [INFO] IntegrityCheckThread:103 - End integrity checks thread
2024-10-02 23:29:39,107 [ERROR] LogOutputStream:75 - [STDERR_REDIRECT] 
2024-10-02 23:29:39,107 [ERROR] LogOutputStream:75 - [STDERR_REDIRECT] 
