23:56:21 **** Incremental Build of configuration Debug for project STM32H750B-DK ****
make -j12 all 
arm-none-eabi-gcc "../Application/User/libs/command.c" -mcpu=cortex-m7 -std=gnu11 -g3 -DSTM32H750xx -DUSE_HAL_DRIVER -DUSE_BPP=16 -DVECT_TAB_QSPI -DDEBUG -c -I../../Core/Inc -I"F:/Nejc/Projekti/BLEMeshHomeAutomation/H7MeshProvisioner/STM32CubeIDE/Application/User/libs" -I../../Drivers/CMSIS/Include -I../../TouchGFX/generated/gui_generated/include -I../../TouchGFX/target -I../../TouchGFX/App -I../../Middlewares/Third_Party/FreeRTOS/Source/CMSIS_RTOS_V2 -I../../Middlewares/ST/touchgfx/framework/include -I../../TouchGFX/target/generated -I../../Drivers/BSP/STM32H750B-DK -I../../Drivers/STM32H7xx_HAL_Driver/Inc -I../../Drivers/BSP/Components/Common -I../../TouchGFX/gui/include -I../../TouchGFX/generated/texts/include -I../../Drivers/CMSIS/Device/ST/STM32H7xx/Include -I../../TouchGFX/generated/images/include -I../../Middlewares/Third_Party/FreeRTOS/Source/include -I../../Middlewares/Third_Party/FreeRTOS/Source/portable/GCC/ARM_CM4F -I../../Drivers/STM32H7xx_HAL_Driver/Inc/Legacy -I../../TouchGFX/generated/fonts/include -I../../LIBJPEG/App -I../../LIBJPEG/Target -I../../Utilities/JPEG -I../../Middlewares/Third_Party/LibJPEG/include -I../../TouchGFX/generated/videos/include -O0 -ffunction-sections -fdata-sections -Wall -fstack-usage -fcyclomatic-complexity -MMD -MP -MF"Application/User/libs/command.d" -MT"Application/User/libs/command.o" --specs=nano.specs -mfpu=fpv5-d16 -mfloat-abi=hard -mthumb -o "Application/User/libs/command.o"
arm-none-eabi-g++ -o "STM32H750B-DK.elf" @"objects.list"  -l:libtouchgfx-float-abi-hard.a -mcpu=cortex-m7 -T"F:\Nejc\Projekti\BLEMeshHomeAutomation\H7MeshProvisioner\STM32CubeIDE\STM32H750XBHX_FLASH.ld" --specs=nosys.specs -Wl,-Map="STM32H750B-DK.map" -Wl,--gc-sections -static -L../../Middlewares/ST/touchgfx/lib/core/cortex_m7/gcc --specs=nano.specs -mfpu=fpv5-d16 -mfloat-abi=hard -mthumb -Wl,--start-group -lc -lm -lstdc++ -lsupc++ -Wl,--end-group
F:/Nejc/Programi/STM32CubeIDE_1.10.1/STM32CubeIDE/plugins/com.st.stm32cube.ide.mcu.externaltools.gnu-tools-for-stm32.12.3.rel1.win32_1.0.100.202403111256/tools/bin/../lib/gcc/arm-none-eabi/12.3.1/../../../../arm-none-eabi/bin/ld.exe: warning: STM32H750B-DK.elf has a LOAD segment with RWX permissions
Finished building target: STM32H750B-DK.elf
 
arm-none-eabi-size  STM32H750B-DK.elf 
arm-none-eabi-objdump -h -S STM32H750B-DK.elf  > "STM32H750B-DK.list"
arm-none-eabi-objcopy  -O ihex STM32H750B-DK.elf  "STM32H750B-DK.hex"
   text	   data	    bss	    dec	    hex	filename
1733712	  10388	 942332	2686432	 28fde0	STM32H750B-DK.elf
Finished building: default.size.stdout
 
Finished building: STM32H750B-DK.hex
 
Finished building: STM32H750B-DK.list
 
23:56:29 **** Incremental Build of configuration Debug for project STM32H750B-DK ****
make -j12 all 
arm-none-eabi-size  STM32H750B-DK.elf 
   text	   data	    bss	    dec	    hex	filename
1733712	  10388	 942332	2686432	 28fde0	STM32H750B-DK.elf
Finished building: default.size.stdout
 
23:57:30 **** Incremental Build of configuration Debug for project STM32H750B-DK ****
make -j12 all 
arm-none-eabi-size  STM32H750B-DK.elf 
   text	   data	    bss	    dec	    hex	filename
1733712	  10388	 942332	2686432	 28fde0	STM32H750B-DK.elf
Finished building: default.size.stdout
 
